<?xml version="1.0" encoding="UTF-8"?>
<testng-results total="1" passed="1" failed="0" skipped="0">
  <reporter-output>
  </reporter-output>
  <suite started-at="2020-07-28T16:16:29Z" name="QuantInsti" finished-at="2020-07-28T16:17:13Z" duration-ms="44906">
    <groups>
    </groups>
    <test started-at="2020-07-28T16:16:29Z" name="QuantIntiTest" finished-at="2020-07-28T16:17:13Z" duration-ms="44906">
      <class name="assignments.QuantInstiTest_new">
        <test-method signature="QuantIntiTest()[pri:0, instance:assignments.QuantInstiTest_new@3a079870]" started-at="2020-07-28T21:46:29Z" name="QuantIntiTest" finished-at="2020-07-28T21:47:13Z" duration-ms="44893" status="PASS">
          <reporter-output>
          </reporter-output>
        </test-method> <!-- QuantIntiTest -->
      </class> <!-- assignments.QuantInstiTest_new -->
    </test> <!-- QuantIntiTest -->
  </suite> <!-- QuantInsti -->
</testng-results>
